[0.079s] Invoking command in '/home/minirover/ros2_ws/src/minirover/build/minirover_control': /usr/bin/cmake /home/minirover/ros2_ws/src/minirover/minirover_control -DCATKIN_INSTALL_INTO_PREFIX_ROOT=0 -DCATKIN_SYMLINK_INSTALL=ON -DCMAKE_INSTALL_PREFIX=/home/minirover/ros2_ws/src/minirover/install/minirover_control
[1.103s] -- The C compiler identification is GNU 13.3.0
[1.981s] -- The CXX compiler identification is GNU 13.3.0
[2.098s] -- Detecting C compiler ABI info
[2.672s] -- Detecting C compiler ABI info - done
[2.715s] -- Check for working C compiler: /usr/bin/cc - skipped
[2.718s] -- Detecting C compile features
[2.720s] -- Detecting C compile features - done
[2.779s] -- Detecting CXX compiler ABI info
[3.359s] -- Detecting CXX compiler ABI info - done
[3.405s] -- Check for working CXX compiler: /usr/bin/c++ - skipped
[3.406s] -- Detecting CXX compile features
[3.408s] -- Detecting CXX compile features - done
[3.445s] -- Found ament_cmake_python: 2.5.4 (/opt/ros/jazzy/share/ament_cmake_python/cmake)
[3.478s] -- Found rclpy: 7.1.5 (/opt/ros/jazzy/share/rclpy/cmake)
[3.479s] [31mCMake Error at /opt/ros/jazzy/share/ament_cmake_python/cmake/ament_cmake_python-extras.cmake:59 (get_executable_path):
[3.479s]   Unknown CMake command "get_executable_path".
[3.480s] Call Stack (most recent call first):
[3.480s]   /opt/ros/jazzy/share/ament_cmake_python/cmake/ament_cmake_python-extras.cmake:22 (_ament_cmake_python_get_python_install_dir)
[3.481s]   /opt/ros/jazzy/share/ament_cmake_python/cmake/ament_python_install_package.cmake:38 (_ament_cmake_python_register_environment_hook)
[3.481s]   CMakeLists.txt:8 (ament_python_install_package)
[3.482s] 
[3.482s] [0m
[3.483s] -- Configuring incomplete, errors occurred!
[3.493s] Invoked command in '/home/minirover/ros2_ws/src/minirover/build/minirover_control' returned '1': /usr/bin/cmake /home/minirover/ros2_ws/src/minirover/minirover_control -DCATKIN_INSTALL_INTO_PREFIX_ROOT=0 -DCATKIN_SYMLINK_INSTALL=ON -DCMAKE_INSTALL_PREFIX=/home/minirover/ros2_ws/src/minirover/install/minirover_control
