[0.498s] DEBUG:colcon:Command line arguments: ['/usr/bin/colcon', 'build', '--symlink-install']
[0.499s] DEBUG:colcon:Parsed command line arguments: Namespace(log_base=None, log_level=None, verb_name='build', build_base='build', install_base='install', merge_install=False, symlink_install=True, test_result_base=None, continue_on_error=False, executor='parallel', parallel_workers=4, event_handlers=None, ignore_user_meta=False, metas=['./colcon.meta'], base_paths=['.'], packages_ignore=None, packages_ignore_regex=None, paths=None, packages_up_to=None, packages_up_to_regex=None, packages_above=None, packages_above_and_dependencies=None, packages_above_depth=None, packages_select_by_dep=None, packages_skip_by_dep=None, packages_skip_up_to=None, packages_select_build_failed=False, packages_skip_build_finished=False, packages_select_test_failures=False, packages_skip_test_passed=False, packages_select=None, packages_skip=None, packages_select_regex=None, packages_skip_regex=None, packages_start=None, packages_end=None, allow_overriding=[], cmake_args=None, cmake_target=None, cmake_target_skip_unavailable=False, cmake_clean_cache=False, cmake_clean_first=False, cmake_force_configure=False, ament_cmake_args=None, catkin_cmake_args=None, catkin_skip_building_tests=False, verb_parser=<colcon_defaults.argument_parser.defaults.DefaultArgumentsDecorator object at 0xffff90ff8710>, verb_extension=<colcon_core.verb.build.BuildVerb object at 0xffff90fd24b0>, main=<bound method BuildVerb.main of <colcon_core.verb.build.BuildVerb object at 0xffff90fd24b0>>)
[0.691s] Level 1:colcon.colcon_core.package_discovery:discover_packages(colcon_meta) check parameters
[0.691s] Level 1:colcon.colcon_core.package_discovery:discover_packages(recursive) check parameters
[0.691s] Level 1:colcon.colcon_core.package_discovery:discover_packages(ignore) check parameters
[0.692s] Level 1:colcon.colcon_core.package_discovery:discover_packages(path) check parameters
[0.692s] Level 1:colcon.colcon_core.package_discovery:discover_packages(colcon_meta) discover
[0.692s] Level 1:colcon.colcon_core.package_discovery:discover_packages(recursive) discover
[0.692s] INFO:colcon.colcon_core.package_discovery:Crawling recursively for packages in '/home/minirover/ros2_ws/src/minirover/minirover_control'
[0.693s] Level 1:colcon.colcon_core.package_identification:_identify(.) by extensions ['ignore', 'ignore_ament_install']
[0.693s] Level 1:colcon.colcon_core.package_identification:_identify(.) by extension 'ignore'
[0.693s] Level 1:colcon.colcon_core.package_identification:_identify(.) by extension 'ignore_ament_install'
[0.693s] Level 1:colcon.colcon_core.package_identification:_identify(.) by extensions ['colcon_pkg']
[0.694s] Level 1:colcon.colcon_core.package_identification:_identify(.) by extension 'colcon_pkg'
[0.694s] Level 1:colcon.colcon_core.package_identification:_identify(.) by extensions ['colcon_meta']
[0.694s] Level 1:colcon.colcon_core.package_identification:_identify(.) by extension 'colcon_meta'
[0.694s] Level 1:colcon.colcon_core.package_identification:_identify(.) by extensions ['ros']
[0.694s] Level 1:colcon.colcon_core.package_identification:_identify(.) by extension 'ros'
[0.820s] DEBUG:colcon.colcon_core.package_identification:Package '.' with type 'ros.catkin' and name 'minirover_control'
[0.821s] Level 1:colcon.colcon_core.package_discovery:discover_packages(recursive) using defaults
[0.821s] Level 1:colcon.colcon_core.package_discovery:discover_packages(ignore) discover
[0.821s] Level 1:colcon.colcon_core.package_discovery:discover_packages(ignore) using defaults
[0.821s] Level 1:colcon.colcon_core.package_discovery:discover_packages(path) discover
[0.821s] Level 1:colcon.colcon_core.package_discovery:discover_packages(path) using defaults
[0.897s] Level 1:colcon.colcon_core.package_discovery:discover_packages(prefix_path) check parameters
[0.897s] Level 1:colcon.colcon_core.package_discovery:discover_packages(prefix_path) discover
[0.901s] WARNING:colcon.colcon_ros.prefix_path.ament:The path '/home/minirover/ros2_ws/install/minirover_sensores' in the environment variable AMENT_PREFIX_PATH doesn't exist
[0.906s] DEBUG:colcon.colcon_installed_package_information.package_discovery:Found 1 installed packages in /home/minirover/ros2_ws/install
[0.918s] DEBUG:colcon.colcon_installed_package_information.package_discovery:Found 285 installed packages in /opt/ros/jazzy
[0.923s] Level 1:colcon.colcon_core.package_discovery:discover_packages(prefix_path) using defaults
[1.148s] Level 5:colcon.colcon_core.verb:set package 'minirover_control' build argument 'cmake_args' from command line to 'None'
[1.148s] Level 5:colcon.colcon_core.verb:set package 'minirover_control' build argument 'cmake_target' from command line to 'None'
[1.148s] Level 5:colcon.colcon_core.verb:set package 'minirover_control' build argument 'cmake_target_skip_unavailable' from command line to 'False'
[1.148s] Level 5:colcon.colcon_core.verb:set package 'minirover_control' build argument 'cmake_clean_cache' from command line to 'False'
[1.149s] Level 5:colcon.colcon_core.verb:set package 'minirover_control' build argument 'cmake_clean_first' from command line to 'False'
[1.149s] Level 5:colcon.colcon_core.verb:set package 'minirover_control' build argument 'cmake_force_configure' from command line to 'False'
[1.149s] Level 5:colcon.colcon_core.verb:set package 'minirover_control' build argument 'ament_cmake_args' from command line to 'None'
[1.149s] Level 5:colcon.colcon_core.verb:set package 'minirover_control' build argument 'catkin_cmake_args' from command line to 'None'
[1.149s] Level 5:colcon.colcon_core.verb:set package 'minirover_control' build argument 'catkin_skip_building_tests' from command line to 'False'
[1.149s] DEBUG:colcon.colcon_core.verb:Building package 'minirover_control' with the following arguments: {'ament_cmake_args': None, 'build_base': '/home/minirover/ros2_ws/src/minirover/minirover_control/build/minirover_control', 'catkin_cmake_args': None, 'catkin_skip_building_tests': False, 'cmake_args': None, 'cmake_clean_cache': False, 'cmake_clean_first': False, 'cmake_force_configure': False, 'cmake_target': None, 'cmake_target_skip_unavailable': False, 'install_base': '/home/minirover/ros2_ws/src/minirover/minirover_control/install/minirover_control', 'merge_install': False, 'path': '/home/minirover/ros2_ws/src/minirover/minirover_control', 'symlink_install': True, 'test_result_base': None}
[1.150s] INFO:colcon.colcon_core.executor:Executing jobs using 'parallel' executor
[1.153s] DEBUG:colcon.colcon_parallel_executor.executor.parallel:run_until_complete
[1.154s] INFO:colcon.colcon_ros.task.catkin.build:Building ROS package in '/home/minirover/ros2_ws/src/minirover/minirover_control' with build type 'catkin'
[1.154s] INFO:colcon.colcon_cmake.task.cmake.build:Building CMake package in '/home/minirover/ros2_ws/src/minirover/minirover_control'
[1.163s] INFO:colcon.colcon_core.plugin_system:Skipping extension 'colcon_core.shell.bat': Not used on non-Windows systems
[1.164s] INFO:colcon.colcon_core.shell:Skip shell extension 'powershell' for command environment: Not usable outside of PowerShell
[1.164s] DEBUG:colcon.colcon_core.shell:Skip shell extension 'dsv' for command environment
[1.209s] DEBUG:colcon.colcon_core.event_handler.log_command:Invoking command in '/home/minirover/ros2_ws/src/minirover/minirover_control/build/minirover_control': /usr/bin/cmake /home/minirover/ros2_ws/src/minirover/minirover_control -DCATKIN_INSTALL_INTO_PREFIX_ROOT=0 -DCATKIN_SYMLINK_INSTALL=ON -DCMAKE_INSTALL_PREFIX=/home/minirover/ros2_ws/src/minirover/minirover_control/install/minirover_control
[5.902s] DEBUG:colcon.colcon_core.event_handler.log_command:Invoked command in '/home/minirover/ros2_ws/src/minirover/minirover_control/build/minirover_control' returned '0': /usr/bin/cmake /home/minirover/ros2_ws/src/minirover/minirover_control -DCATKIN_INSTALL_INTO_PREFIX_ROOT=0 -DCATKIN_SYMLINK_INSTALL=ON -DCMAKE_INSTALL_PREFIX=/home/minirover/ros2_ws/src/minirover/minirover_control/install/minirover_control
[5.908s] DEBUG:colcon.colcon_core.event_handler.log_command:Invoking command in '/home/minirover/ros2_ws/src/minirover/minirover_control/build/minirover_control': /usr/bin/cmake --build /home/minirover/ros2_ws/src/minirover/minirover_control/build/minirover_control -- -j4 -l4
[7.929s] DEBUG:colcon.colcon_core.event_handler.log_command:Invoked command in '/home/minirover/ros2_ws/src/minirover/minirover_control/build/minirover_control' returned '0': /usr/bin/cmake --build /home/minirover/ros2_ws/src/minirover/minirover_control/build/minirover_control -- -j4 -l4
[7.986s] DEBUG:colcon.colcon_core.event_handler.log_command:Invoking command in '/home/minirover/ros2_ws/src/minirover/minirover_control/build/minirover_control': /usr/bin/cmake --install /home/minirover/ros2_ws/src/minirover/minirover_control/build/minirover_control
[8.300s] DEBUG:colcon.colcon_core.event_handler.log_command:Invoked command in '/home/minirover/ros2_ws/src/minirover/minirover_control/build/minirover_control' returned '0': /usr/bin/cmake --install /home/minirover/ros2_ws/src/minirover/minirover_control/build/minirover_control
[8.301s] Level 1:colcon.colcon_core.shell:create_environment_hook('minirover_control', 'ros_package_path')
[8.302s] INFO:colcon.colcon_core.shell:Creating environment hook '/home/minirover/ros2_ws/src/minirover/minirover_control/install/minirover_control/share/minirover_control/hook/ros_package_path.ps1'
[8.304s] INFO:colcon.colcon_core.shell:Creating environment descriptor '/home/minirover/ros2_ws/src/minirover/minirover_control/install/minirover_control/share/minirover_control/hook/ros_package_path.dsv'
[8.307s] INFO:colcon.colcon_core.shell:Creating environment hook '/home/minirover/ros2_ws/src/minirover/minirover_control/install/minirover_control/share/minirover_control/hook/ros_package_path.sh'
[8.309s] Level 1:colcon.colcon_ros.task.catkin:checking '/home/minirover/ros2_ws/src/minirover/minirover_control/install/minirover_control/lib/python3.12/site-packages'
[8.310s] Level 1:colcon.colcon_core.shell:create_environment_hook('minirover_control', 'catkin_pythonpath')
[8.311s] INFO:colcon.colcon_core.shell:Creating environment hook '/home/minirover/ros2_ws/src/minirover/minirover_control/install/minirover_control/share/minirover_control/hook/catkin_pythonpath.ps1'
[8.312s] INFO:colcon.colcon_core.shell:Creating environment descriptor '/home/minirover/ros2_ws/src/minirover/minirover_control/install/minirover_control/share/minirover_control/hook/catkin_pythonpath.dsv'
[8.314s] INFO:colcon.colcon_core.shell:Creating environment hook '/home/minirover/ros2_ws/src/minirover/minirover_control/install/minirover_control/share/minirover_control/hook/catkin_pythonpath.sh'
[8.316s] Level 1:colcon.colcon_core.shell:create_environment_hook('minirover_control', 'pkg_config_path')
[8.317s] INFO:colcon.colcon_core.shell:Creating environment hook '/home/minirover/ros2_ws/src/minirover/minirover_control/install/minirover_control/share/minirover_control/hook/pkg_config_path.ps1'
[8.318s] INFO:colcon.colcon_core.shell:Creating environment descriptor '/home/minirover/ros2_ws/src/minirover/minirover_control/install/minirover_control/share/minirover_control/hook/pkg_config_path.dsv'
[8.320s] INFO:colcon.colcon_core.shell:Creating environment hook '/home/minirover/ros2_ws/src/minirover/minirover_control/install/minirover_control/share/minirover_control/hook/pkg_config_path.sh'
[8.329s] Level 1:colcon.colcon_core.shell:create_environment_hook('minirover_control', 'pkg_config_path_multiarch')
[8.330s] INFO:colcon.colcon_core.shell:Creating environment hook '/home/minirover/ros2_ws/src/minirover/minirover_control/install/minirover_control/share/minirover_control/hook/pkg_config_path_multiarch.ps1'
[8.333s] INFO:colcon.colcon_core.shell:Creating environment descriptor '/home/minirover/ros2_ws/src/minirover/minirover_control/install/minirover_control/share/minirover_control/hook/pkg_config_path_multiarch.dsv'
[8.334s] INFO:colcon.colcon_core.shell:Creating environment hook '/home/minirover/ros2_ws/src/minirover/minirover_control/install/minirover_control/share/minirover_control/hook/pkg_config_path_multiarch.sh'
[8.339s] Level 1:colcon.colcon_core.environment:create_environment_scripts_only(minirover_control)
[8.350s] Level 1:colcon.colcon_core.environment:checking '/home/minirover/ros2_ws/src/minirover/minirover_control/install/minirover_control' for CMake module files
[8.353s] Level 1:colcon.colcon_core.environment:checking '/home/minirover/ros2_ws/src/minirover/minirover_control/install/minirover_control' for CMake config files
[8.356s] Level 1:colcon.colcon_core.shell:create_environment_hook('minirover_control', 'cmake_prefix_path')
[8.357s] INFO:colcon.colcon_core.shell:Creating environment hook '/home/minirover/ros2_ws/src/minirover/minirover_control/install/minirover_control/share/minirover_control/hook/cmake_prefix_path.ps1'
[8.358s] INFO:colcon.colcon_core.shell:Creating environment descriptor '/home/minirover/ros2_ws/src/minirover/minirover_control/install/minirover_control/share/minirover_control/hook/cmake_prefix_path.dsv'
[8.360s] INFO:colcon.colcon_core.shell:Creating environment hook '/home/minirover/ros2_ws/src/minirover/minirover_control/install/minirover_control/share/minirover_control/hook/cmake_prefix_path.sh'
[8.363s] Level 1:colcon.colcon_core.environment:checking '/home/minirover/ros2_ws/src/minirover/minirover_control/install/minirover_control/lib'
[8.363s] Level 1:colcon.colcon_core.environment:checking '/home/minirover/ros2_ws/src/minirover/minirover_control/install/minirover_control/bin'
[8.364s] Level 1:colcon.colcon_core.environment:checking '/home/minirover/ros2_ws/src/minirover/minirover_control/install/minirover_control/lib/pkgconfig/minirover_control.pc'
[8.365s] Level 1:colcon.colcon_core.environment:checking '/home/minirover/ros2_ws/src/minirover/minirover_control/install/minirover_control/lib/python3.12/site-packages'
[8.365s] Level 1:colcon.colcon_core.shell:create_environment_hook('minirover_control', 'pythonpath')
[8.366s] INFO:colcon.colcon_core.shell:Creating environment hook '/home/minirover/ros2_ws/src/minirover/minirover_control/install/minirover_control/share/minirover_control/hook/pythonpath.ps1'
[8.368s] INFO:colcon.colcon_core.shell:Creating environment descriptor '/home/minirover/ros2_ws/src/minirover/minirover_control/install/minirover_control/share/minirover_control/hook/pythonpath.dsv'
[8.369s] INFO:colcon.colcon_core.shell:Creating environment hook '/home/minirover/ros2_ws/src/minirover/minirover_control/install/minirover_control/share/minirover_control/hook/pythonpath.sh'
[8.372s] Level 1:colcon.colcon_core.environment:checking '/home/minirover/ros2_ws/src/minirover/minirover_control/install/minirover_control/bin'
[8.374s] INFO:colcon.colcon_core.shell:Creating package script '/home/minirover/ros2_ws/src/minirover/minirover_control/install/minirover_control/share/minirover_control/package.ps1'
[8.378s] INFO:colcon.colcon_core.shell:Creating package descriptor '/home/minirover/ros2_ws/src/minirover/minirover_control/install/minirover_control/share/minirover_control/package.dsv'
[8.381s] INFO:colcon.colcon_core.shell:Creating package script '/home/minirover/ros2_ws/src/minirover/minirover_control/install/minirover_control/share/minirover_control/package.sh'
[8.384s] INFO:colcon.colcon_core.shell:Creating package script '/home/minirover/ros2_ws/src/minirover/minirover_control/install/minirover_control/share/minirover_control/package.bash'
[8.388s] INFO:colcon.colcon_core.shell:Creating package script '/home/minirover/ros2_ws/src/minirover/minirover_control/install/minirover_control/share/minirover_control/package.zsh'
[8.391s] Level 1:colcon.colcon_core.environment:create_file_with_runtime_dependencies(/home/minirover/ros2_ws/src/minirover/minirover_control/install/minirover_control/share/colcon-core/packages/minirover_control)
[8.392s] DEBUG:colcon.colcon_parallel_executor.executor.parallel:closing loop
[8.394s] DEBUG:colcon.colcon_parallel_executor.executor.parallel:loop closed
[8.394s] DEBUG:colcon.colcon_parallel_executor.executor.parallel:run_until_complete finished with '0'
[8.395s] DEBUG:colcon.colcon_core.event_reactor:joining thread
[8.418s] INFO:colcon.colcon_core.plugin_system:Skipping extension 'colcon_notification.desktop_notification.notify_send': Could not find 'notify-send'
[8.419s] INFO:colcon.colcon_core.plugin_system:Skipping extension 'colcon_notification.desktop_notification.terminal_notifier': Not used on non-Darwin systems
[8.419s] INFO:colcon.colcon_core.plugin_system:Skipping extension 'colcon_notification.desktop_notification.win32': Not used on non-Windows systems
[8.419s] INFO:colcon.colcon_notification.desktop_notification:Sending desktop notification using 'notify2'
[8.423s] DEBUG:colcon.colcon_notification.desktop_notification.notify2:Failed to initialize notify2: org.freedesktop.DBus.Error.ServiceUnknown: The name org.freedesktop.Notifications was not provided by any .service files
[8.423s] DEBUG:colcon.colcon_core.event_reactor:joined thread
[8.424s] INFO:colcon.colcon_core.shell:Creating prefix script '/home/minirover/ros2_ws/src/minirover/minirover_control/install/local_setup.ps1'
[8.427s] INFO:colcon.colcon_core.shell:Creating prefix util module '/home/minirover/ros2_ws/src/minirover/minirover_control/install/_local_setup_util_ps1.py'
[8.432s] INFO:colcon.colcon_core.shell:Creating prefix chain script '/home/minirover/ros2_ws/src/minirover/minirover_control/install/setup.ps1'
[8.436s] INFO:colcon.colcon_core.shell:Creating prefix script '/home/minirover/ros2_ws/src/minirover/minirover_control/install/local_setup.sh'
[8.438s] INFO:colcon.colcon_core.shell:Creating prefix util module '/home/minirover/ros2_ws/src/minirover/minirover_control/install/_local_setup_util_sh.py'
[8.441s] INFO:colcon.colcon_core.shell:Creating prefix chain script '/home/minirover/ros2_ws/src/minirover/minirover_control/install/setup.sh'
[8.445s] INFO:colcon.colcon_core.shell:Creating prefix script '/home/minirover/ros2_ws/src/minirover/minirover_control/install/local_setup.bash'
[8.447s] INFO:colcon.colcon_core.shell:Creating prefix chain script '/home/minirover/ros2_ws/src/minirover/minirover_control/install/setup.bash'
[8.451s] INFO:colcon.colcon_core.shell:Creating prefix script '/home/minirover/ros2_ws/src/minirover/minirover_control/install/local_setup.zsh'
[8.455s] INFO:colcon.colcon_core.shell:Creating prefix chain script '/home/minirover/ros2_ws/src/minirover/minirover_control/install/setup.zsh'
