[0.501s] DEBUG:colcon:Command line arguments: ['/usr/bin/colcon', 'build', '--symlink-install']
[0.501s] DEBUG:colcon:Parsed command line arguments: Namespace(log_base=None, log_level=None, verb_name='build', build_base='build', install_base='install', merge_install=False, symlink_install=True, test_result_base=None, continue_on_error=False, executor='parallel', parallel_workers=4, event_handlers=None, ignore_user_meta=False, metas=['./colcon.meta'], base_paths=['.'], packages_ignore=None, packages_ignore_regex=None, paths=None, packages_up_to=None, packages_up_to_regex=None, packages_above=None, packages_above_and_dependencies=None, packages_above_depth=None, packages_select_by_dep=None, packages_skip_by_dep=None, packages_skip_up_to=None, packages_select_build_failed=False, packages_skip_build_finished=False, packages_select_test_failures=False, packages_skip_test_passed=False, packages_select=None, packages_skip=None, packages_select_regex=None, packages_skip_regex=None, packages_start=None, packages_end=None, allow_overriding=[], cmake_args=None, cmake_target=None, cmake_target_skip_unavailable=False, cmake_clean_cache=False, cmake_clean_first=False, cmake_force_configure=False, ament_cmake_args=None, catkin_cmake_args=None, catkin_skip_building_tests=False, verb_parser=<colcon_defaults.argument_parser.defaults.DefaultArgumentsDecorator object at 0xffff969c03e0>, verb_extension=<colcon_core.verb.build.BuildVerb object at 0xffff969c0350>, main=<bound method BuildVerb.main of <colcon_core.verb.build.BuildVerb object at 0xffff969c0350>>)
[0.692s] Level 1:colcon.colcon_core.package_discovery:discover_packages(colcon_meta) check parameters
[0.693s] Level 1:colcon.colcon_core.package_discovery:discover_packages(recursive) check parameters
[0.693s] Level 1:colcon.colcon_core.package_discovery:discover_packages(ignore) check parameters
[0.693s] Level 1:colcon.colcon_core.package_discovery:discover_packages(path) check parameters
[0.693s] Level 1:colcon.colcon_core.package_discovery:discover_packages(colcon_meta) discover
[0.694s] Level 1:colcon.colcon_core.package_discovery:discover_packages(recursive) discover
[0.694s] INFO:colcon.colcon_core.package_discovery:Crawling recursively for packages in '/home/minirover/ros2_ws/src/minirover'
[0.694s] Level 1:colcon.colcon_core.package_identification:_identify(.) by extensions ['ignore', 'ignore_ament_install']
[0.695s] Level 1:colcon.colcon_core.package_identification:_identify(.) by extension 'ignore'
[0.695s] Level 1:colcon.colcon_core.package_identification:_identify(.) by extension 'ignore_ament_install'
[0.695s] Level 1:colcon.colcon_core.package_identification:_identify(.) by extensions ['colcon_pkg']
[0.695s] Level 1:colcon.colcon_core.package_identification:_identify(.) by extension 'colcon_pkg'
[0.695s] Level 1:colcon.colcon_core.package_identification:_identify(.) by extensions ['colcon_meta']
[0.695s] Level 1:colcon.colcon_core.package_identification:_identify(.) by extension 'colcon_meta'
[0.696s] Level 1:colcon.colcon_core.package_identification:_identify(.) by extensions ['ros']
[0.696s] Level 1:colcon.colcon_core.package_identification:_identify(.) by extension 'ros'
[0.810s] Level 1:colcon.colcon_core.package_identification:_identify(.) by extensions ['cmake', 'python']
[0.810s] Level 1:colcon.colcon_core.package_identification:_identify(.) by extension 'cmake'
[0.810s] Level 1:colcon.colcon_core.package_identification:_identify(.) by extension 'python'
[0.811s] Level 1:colcon.colcon_core.package_identification:_identify(.) by extensions ['python_setup_py']
[0.811s] Level 1:colcon.colcon_core.package_identification:_identify(.) by extension 'python_setup_py'
[0.811s] Level 1:colcon.colcon_core.package_identification:_identify(build) by extensions ['ignore', 'ignore_ament_install']
[0.812s] Level 1:colcon.colcon_core.package_identification:_identify(build) by extension 'ignore'
[0.812s] Level 1:colcon.colcon_core.package_identification:_identify(build) ignored
[0.812s] Level 1:colcon.colcon_core.package_identification:_identify(install) by extensions ['ignore', 'ignore_ament_install']
[0.813s] Level 1:colcon.colcon_core.package_identification:_identify(install) by extension 'ignore'
[0.813s] Level 1:colcon.colcon_core.package_identification:_identify(install) ignored
[0.813s] Level 1:colcon.colcon_core.package_identification:_identify(log) by extensions ['ignore', 'ignore_ament_install']
[0.814s] Level 1:colcon.colcon_core.package_identification:_identify(log) by extension 'ignore'
[0.814s] Level 1:colcon.colcon_core.package_identification:_identify(log) ignored
[0.814s] Level 1:colcon.colcon_core.package_identification:_identify(minirover_control) by extensions ['ignore', 'ignore_ament_install']
[0.815s] Level 1:colcon.colcon_core.package_identification:_identify(minirover_control) by extension 'ignore'
[0.815s] Level 1:colcon.colcon_core.package_identification:_identify(minirover_control) by extension 'ignore_ament_install'
[0.815s] Level 1:colcon.colcon_core.package_identification:_identify(minirover_control) by extensions ['colcon_pkg']
[0.815s] Level 1:colcon.colcon_core.package_identification:_identify(minirover_control) by extension 'colcon_pkg'
[0.816s] Level 1:colcon.colcon_core.package_identification:_identify(minirover_control) by extensions ['colcon_meta']
[0.816s] Level 1:colcon.colcon_core.package_identification:_identify(minirover_control) by extension 'colcon_meta'
[0.816s] Level 1:colcon.colcon_core.package_identification:_identify(minirover_control) by extensions ['ros']
[0.816s] Level 1:colcon.colcon_core.package_identification:_identify(minirover_control) by extension 'ros'
[0.829s] DEBUG:colcon.colcon_core.package_identification:Package 'minirover_control' with type 'ros.catkin' and name 'minirover_control'
[0.830s] Level 1:colcon.colcon_core.package_identification:_identify(minirover_sensores) by extensions ['ignore', 'ignore_ament_install']
[0.830s] Level 1:colcon.colcon_core.package_identification:_identify(minirover_sensores) by extension 'ignore'
[0.830s] Level 1:colcon.colcon_core.package_identification:_identify(minirover_sensores) by extension 'ignore_ament_install'
[0.831s] Level 1:colcon.colcon_core.package_identification:_identify(minirover_sensores) by extensions ['colcon_pkg']
[0.831s] Level 1:colcon.colcon_core.package_identification:_identify(minirover_sensores) by extension 'colcon_pkg'
[0.831s] Level 1:colcon.colcon_core.package_identification:_identify(minirover_sensores) by extensions ['colcon_meta']
[0.831s] Level 1:colcon.colcon_core.package_identification:_identify(minirover_sensores) by extension 'colcon_meta'
[0.831s] Level 1:colcon.colcon_core.package_identification:_identify(minirover_sensores) by extensions ['ros']
[0.831s] Level 1:colcon.colcon_core.package_identification:_identify(minirover_sensores) by extension 'ros'
[0.833s] DEBUG:colcon.colcon_core.package_identification:Package 'minirover_sensores' with type 'ros.ament_python' and name 'minirover_sensores'
[0.833s] Level 1:colcon.colcon_core.package_discovery:discover_packages(recursive) using defaults
[0.834s] Level 1:colcon.colcon_core.package_discovery:discover_packages(ignore) discover
[0.834s] Level 1:colcon.colcon_core.package_discovery:discover_packages(ignore) using defaults
[0.834s] Level 1:colcon.colcon_core.package_discovery:discover_packages(path) discover
[0.834s] Level 1:colcon.colcon_core.package_discovery:discover_packages(path) using defaults
[0.911s] Level 1:colcon.colcon_core.package_discovery:discover_packages(prefix_path) check parameters
[0.911s] Level 1:colcon.colcon_core.package_discovery:discover_packages(prefix_path) discover
[0.920s] DEBUG:colcon.colcon_installed_package_information.package_discovery:Found 2 installed packages in /home/minirover/ros2_ws/install
[0.932s] DEBUG:colcon.colcon_installed_package_information.package_discovery:Found 285 installed packages in /opt/ros/jazzy
[0.937s] Level 1:colcon.colcon_core.package_discovery:discover_packages(prefix_path) using defaults
[1.164s] Level 5:colcon.colcon_core.verb:set package 'minirover_control' build argument 'cmake_args' from command line to 'None'
[1.164s] Level 5:colcon.colcon_core.verb:set package 'minirover_control' build argument 'cmake_target' from command line to 'None'
[1.165s] Level 5:colcon.colcon_core.verb:set package 'minirover_control' build argument 'cmake_target_skip_unavailable' from command line to 'False'
[1.165s] Level 5:colcon.colcon_core.verb:set package 'minirover_control' build argument 'cmake_clean_cache' from command line to 'False'
[1.165s] Level 5:colcon.colcon_core.verb:set package 'minirover_control' build argument 'cmake_clean_first' from command line to 'False'
[1.165s] Level 5:colcon.colcon_core.verb:set package 'minirover_control' build argument 'cmake_force_configure' from command line to 'False'
[1.165s] Level 5:colcon.colcon_core.verb:set package 'minirover_control' build argument 'ament_cmake_args' from command line to 'None'
[1.165s] Level 5:colcon.colcon_core.verb:set package 'minirover_control' build argument 'catkin_cmake_args' from command line to 'None'
[1.165s] Level 5:colcon.colcon_core.verb:set package 'minirover_control' build argument 'catkin_skip_building_tests' from command line to 'False'
[1.166s] DEBUG:colcon.colcon_core.verb:Building package 'minirover_control' with the following arguments: {'ament_cmake_args': None, 'build_base': '/home/minirover/ros2_ws/src/minirover/build/minirover_control', 'catkin_cmake_args': None, 'catkin_skip_building_tests': False, 'cmake_args': None, 'cmake_clean_cache': False, 'cmake_clean_first': False, 'cmake_force_configure': False, 'cmake_target': None, 'cmake_target_skip_unavailable': False, 'install_base': '/home/minirover/ros2_ws/src/minirover/install/minirover_control', 'merge_install': False, 'path': '/home/minirover/ros2_ws/src/minirover/minirover_control', 'symlink_install': True, 'test_result_base': None}
[1.167s] Level 5:colcon.colcon_core.verb:set package 'minirover_sensores' build argument 'cmake_args' from command line to 'None'
[1.167s] Level 5:colcon.colcon_core.verb:set package 'minirover_sensores' build argument 'cmake_target' from command line to 'None'
[1.167s] Level 5:colcon.colcon_core.verb:set package 'minirover_sensores' build argument 'cmake_target_skip_unavailable' from command line to 'False'
[1.167s] Level 5:colcon.colcon_core.verb:set package 'minirover_sensores' build argument 'cmake_clean_cache' from command line to 'False'
[1.167s] Level 5:colcon.colcon_core.verb:set package 'minirover_sensores' build argument 'cmake_clean_first' from command line to 'False'
[1.168s] Level 5:colcon.colcon_core.verb:set package 'minirover_sensores' build argument 'cmake_force_configure' from command line to 'False'
[1.168s] Level 5:colcon.colcon_core.verb:set package 'minirover_sensores' build argument 'ament_cmake_args' from command line to 'None'
[1.168s] Level 5:colcon.colcon_core.verb:set package 'minirover_sensores' build argument 'catkin_cmake_args' from command line to 'None'
[1.168s] Level 5:colcon.colcon_core.verb:set package 'minirover_sensores' build argument 'catkin_skip_building_tests' from command line to 'False'
[1.168s] DEBUG:colcon.colcon_core.verb:Building package 'minirover_sensores' with the following arguments: {'ament_cmake_args': None, 'build_base': '/home/minirover/ros2_ws/src/minirover/build/minirover_sensores', 'catkin_cmake_args': None, 'catkin_skip_building_tests': False, 'cmake_args': None, 'cmake_clean_cache': False, 'cmake_clean_first': False, 'cmake_force_configure': False, 'cmake_target': None, 'cmake_target_skip_unavailable': False, 'install_base': '/home/minirover/ros2_ws/src/minirover/install/minirover_sensores', 'merge_install': False, 'path': '/home/minirover/ros2_ws/src/minirover/minirover_sensores', 'symlink_install': True, 'test_result_base': None}
[1.168s] INFO:colcon.colcon_core.executor:Executing jobs using 'parallel' executor
[1.172s] DEBUG:colcon.colcon_parallel_executor.executor.parallel:run_until_complete
[1.173s] INFO:colcon.colcon_ros.task.catkin.build:Building ROS package in '/home/minirover/ros2_ws/src/minirover/minirover_control' with build type 'catkin'
[1.173s] INFO:colcon.colcon_cmake.task.cmake.build:Building CMake package in '/home/minirover/ros2_ws/src/minirover/minirover_control'
[1.182s] INFO:colcon.colcon_core.plugin_system:Skipping extension 'colcon_core.shell.bat': Not used on non-Windows systems
[1.183s] INFO:colcon.colcon_core.shell:Skip shell extension 'powershell' for command environment: Not usable outside of PowerShell
[1.183s] DEBUG:colcon.colcon_core.shell:Skip shell extension 'dsv' for command environment
[1.205s] INFO:colcon.colcon_ros.task.ament_python.build:Building ROS package in '/home/minirover/ros2_ws/src/minirover/minirover_sensores' with build type 'ament_python'
[1.206s] Level 1:colcon.colcon_core.shell:create_environment_hook('minirover_sensores', 'ament_prefix_path')
[1.206s] INFO:colcon.colcon_core.shell:Creating environment hook '/home/minirover/ros2_ws/src/minirover/install/minirover_sensores/share/minirover_sensores/hook/ament_prefix_path.ps1'
[1.210s] INFO:colcon.colcon_core.shell:Creating environment descriptor '/home/minirover/ros2_ws/src/minirover/install/minirover_sensores/share/minirover_sensores/hook/ament_prefix_path.dsv'
[1.212s] INFO:colcon.colcon_core.shell:Creating environment hook '/home/minirover/ros2_ws/src/minirover/install/minirover_sensores/share/minirover_sensores/hook/ament_prefix_path.sh'
[1.216s] INFO:colcon.colcon_core.shell:Skip shell extension 'powershell' for command environment: Not usable outside of PowerShell
[1.216s] DEBUG:colcon.colcon_core.shell:Skip shell extension 'dsv' for command environment
[1.253s] DEBUG:colcon.colcon_core.event_handler.log_command:Invoking command in '/home/minirover/ros2_ws/src/minirover/build/minirover_control': /usr/bin/cmake /home/minirover/ros2_ws/src/minirover/minirover_control -DCATKIN_INSTALL_INTO_PREFIX_ROOT=0 -DCATKIN_SYMLINK_INSTALL=ON -DCMAKE_INSTALL_PREFIX=/home/minirover/ros2_ws/src/minirover/install/minirover_control
[2.470s] WARNING:colcon.colcon_ros.task.ament_python.build:Package 'minirover_sensores' doesn't explicitly install a marker in the package index (colcon-ros currently does it implicitly but that fallback will be removed in the future)
[2.472s] WARNING:colcon.colcon_ros.task.ament_python.build:Package 'minirover_sensores' doesn't explicitly install the 'package.xml' file (colcon-ros currently does it implicitly but that fallback will be removed in the future)
[2.472s] INFO:colcon.colcon_core.task.python.build:Building Python package in '/home/minirover/ros2_ws/src/minirover/minirover_sensores'
[2.473s] INFO:colcon.colcon_core.shell:Skip shell extension 'powershell' for command environment: Not usable outside of PowerShell
[2.473s] DEBUG:colcon.colcon_core.shell:Skip shell extension 'dsv' for command environment
[4.666s] DEBUG:colcon.colcon_core.event_handler.log_command:Invoked command in '/home/minirover/ros2_ws/src/minirover/build/minirover_control' returned '1': /usr/bin/cmake /home/minirover/ros2_ws/src/minirover/minirover_control -DCATKIN_INSTALL_INTO_PREFIX_ROOT=0 -DCATKIN_SYMLINK_INSTALL=ON -DCMAKE_INSTALL_PREFIX=/home/minirover/ros2_ws/src/minirover/install/minirover_control
[4.734s] Level 1:colcon.colcon_core.environment:create_environment_scripts_only(minirover_control)
[4.745s] Level 1:colcon.colcon_core.environment:checking '/home/minirover/ros2_ws/src/minirover/install/minirover_control' for CMake module files
[4.748s] Level 1:colcon.colcon_core.environment:checking '/home/minirover/ros2_ws/src/minirover/install/minirover_control' for CMake config files
[4.749s] Level 1:colcon.colcon_core.environment:checking '/home/minirover/ros2_ws/src/minirover/install/minirover_control/bin'
[4.749s] Level 1:colcon.colcon_core.environment:checking '/home/minirover/ros2_ws/src/minirover/install/minirover_control/lib/pkgconfig/minirover_control.pc'
[4.751s] Level 1:colcon.colcon_core.environment:checking '/home/minirover/ros2_ws/src/minirover/install/minirover_control/lib/python3.12/site-packages'
[4.752s] Level 1:colcon.colcon_core.environment:checking '/home/minirover/ros2_ws/src/minirover/install/minirover_control/bin'
[4.753s] INFO:colcon.colcon_core.shell:Creating package script '/home/minirover/ros2_ws/src/minirover/install/minirover_control/share/minirover_control/package.ps1'
[4.756s] INFO:colcon.colcon_core.shell:Creating package descriptor '/home/minirover/ros2_ws/src/minirover/install/minirover_control/share/minirover_control/package.dsv'
[4.758s] INFO:colcon.colcon_core.shell:Creating package script '/home/minirover/ros2_ws/src/minirover/install/minirover_control/share/minirover_control/package.sh'
[4.761s] INFO:colcon.colcon_core.shell:Creating package script '/home/minirover/ros2_ws/src/minirover/install/minirover_control/share/minirover_control/package.bash'
[4.763s] INFO:colcon.colcon_core.shell:Creating package script '/home/minirover/ros2_ws/src/minirover/install/minirover_control/share/minirover_control/package.zsh'
[4.766s] Level 1:colcon.colcon_core.environment:create_file_with_runtime_dependencies(/home/minirover/ros2_ws/src/minirover/install/minirover_control/share/colcon-core/packages/minirover_control)
[5.780s] DEBUG:colcon.colcon_parallel_executor.executor.parallel:closing loop
[5.781s] DEBUG:colcon.colcon_parallel_executor.executor.parallel:loop closed
[5.781s] DEBUG:colcon.colcon_parallel_executor.executor.parallel:run_until_complete finished with '1'
[5.782s] DEBUG:colcon.colcon_core.event_reactor:joining thread
[5.805s] INFO:colcon.colcon_core.plugin_system:Skipping extension 'colcon_notification.desktop_notification.notify_send': Could not find 'notify-send'
[5.806s] INFO:colcon.colcon_core.plugin_system:Skipping extension 'colcon_notification.desktop_notification.terminal_notifier': Not used on non-Darwin systems
[5.806s] INFO:colcon.colcon_core.plugin_system:Skipping extension 'colcon_notification.desktop_notification.win32': Not used on non-Windows systems
[5.806s] INFO:colcon.colcon_notification.desktop_notification:Sending desktop notification using 'notify2'
[5.810s] DEBUG:colcon.colcon_notification.desktop_notification.notify2:Failed to initialize notify2: org.freedesktop.DBus.Error.ServiceUnknown: The name org.freedesktop.Notifications was not provided by any .service files
[5.810s] DEBUG:colcon.colcon_core.event_reactor:joined thread
[5.811s] INFO:colcon.colcon_core.shell:Creating prefix script '/home/minirover/ros2_ws/src/minirover/install/local_setup.ps1'
[5.814s] INFO:colcon.colcon_core.shell:Creating prefix util module '/home/minirover/ros2_ws/src/minirover/install/_local_setup_util_ps1.py'
[5.819s] INFO:colcon.colcon_core.shell:Creating prefix chain script '/home/minirover/ros2_ws/src/minirover/install/setup.ps1'
[5.824s] INFO:colcon.colcon_core.shell:Creating prefix script '/home/minirover/ros2_ws/src/minirover/install/local_setup.sh'
[5.827s] INFO:colcon.colcon_core.shell:Creating prefix util module '/home/minirover/ros2_ws/src/minirover/install/_local_setup_util_sh.py'
[5.829s] INFO:colcon.colcon_core.shell:Creating prefix chain script '/home/minirover/ros2_ws/src/minirover/install/setup.sh'
[5.833s] INFO:colcon.colcon_core.shell:Creating prefix script '/home/minirover/ros2_ws/src/minirover/install/local_setup.bash'
[5.835s] INFO:colcon.colcon_core.shell:Creating prefix chain script '/home/minirover/ros2_ws/src/minirover/install/setup.bash'
[5.839s] INFO:colcon.colcon_core.shell:Creating prefix script '/home/minirover/ros2_ws/src/minirover/install/local_setup.zsh'
[5.841s] INFO:colcon.colcon_core.shell:Creating prefix chain script '/home/minirover/ros2_ws/src/minirover/install/setup.zsh'
