-- The C compiler identification is GNU 13.3.0
-- The CXX compiler identification is GNU 13.3.0
-- Detecting C compiler ABI info
-- Detecting C compiler ABI info - done
-- Check for working C compiler: /usr/bin/cc - skipped
-- Detecting C compile features
-- Detecting C compile features - done
-- Detecting CXX compiler ABI info
-- Detecting CXX compiler ABI info - done
-- Check for working CXX compiler: /usr/bin/c++ - skipped
-- Detecting CXX compile features
-- Detecting CXX compile features - done
-- Found ament_cmake: 2.5.4 (/opt/ros/jazzy/share/ament_cmake/cmake)
-- Found Python3: /usr/bin/python3 (found version "3.12.3") found components: Interpreter 
-- Configuring done (4.6s)
-- Generating done (0.0s)
[33mCMake Warning:
  Manually-specified variables were not used by the project:

    CATKIN_INSTALL_INTO_PREFIX_ROOT
    CATKIN_SYMLINK_INSTALL

[0m
-- Build files have been written to: /home/minirover/ros2_ws/src/minirover/minirover_control/build/minirover_control
Built target ament_cmake_python_copy_minirover_control_setup
Built target ament_cmake_python_copy_minirover_control
running egg_info
creating minirover_control.egg-info
writing minirover_control.egg-info/PKG-INFO
writing dependency_links to minirover_control.egg-info/dependency_links.txt
writing top-level names to minirover_control.egg-info/top_level.txt
writing manifest file 'minirover_control.egg-info/SOURCES.txt'
reading manifest file 'minirover_control.egg-info/SOURCES.txt'
writing manifest file 'minirover_control.egg-info/SOURCES.txt'
Built target ament_cmake_python_build_minirover_control_egg
-- Install configuration: ""
-- Installing: /home/minirover/ros2_ws/src/minirover/minirover_control/install/minirover_control/share/minirover_control/environment/pythonpath.sh
-- Installing: /home/minirover/ros2_ws/src/minirover/minirover_control/install/minirover_control/share/minirover_control/environment/pythonpath.dsv
-- Installing: /home/minirover/ros2_ws/src/minirover/minirover_control/install/minirover_control/lib/python3.12/site-packages/minirover_control-0.1.0-py3.12.egg-info
-- Installing: /home/minirover/ros2_ws/src/minirover/minirover_control/install/minirover_control/lib/python3.12/site-packages/minirover_control-0.1.0-py3.12.egg-info/dependency_links.txt
-- Installing: /home/minirover/ros2_ws/src/minirover/minirover_control/install/minirover_control/lib/python3.12/site-packages/minirover_control-0.1.0-py3.12.egg-info/PKG-INFO
-- Installing: /home/minirover/ros2_ws/src/minirover/minirover_control/install/minirover_control/lib/python3.12/site-packages/minirover_control-0.1.0-py3.12.egg-info/top_level.txt
-- Installing: /home/minirover/ros2_ws/src/minirover/minirover_control/install/minirover_control/lib/python3.12/site-packages/minirover_control-0.1.0-py3.12.egg-info/SOURCES.txt
-- Installing: /home/minirover/ros2_ws/src/minirover/minirover_control/install/minirover_control/lib/python3.12/site-packages/minirover_control
-- Installing: /home/minirover/ros2_ws/src/minirover/minirover_control/install/minirover_control/lib/python3.12/site-packages/minirover_control/keyboard_control_node.py
-- Installing: /home/minirover/ros2_ws/src/minirover/minirover_control/install/minirover_control/lib/python3.12/site-packages/minirover_control/__init__.py
Listing '/home/minirover/ros2_ws/src/minirover/minirover_control/install/minirover_control/lib/python3.12/site-packages/minirover_control'...
Compiling '/home/minirover/ros2_ws/src/minirover/minirover_control/install/minirover_control/lib/python3.12/site-packages/minirover_control/__init__.py'...
Compiling '/home/minirover/ros2_ws/src/minirover/minirover_control/install/minirover_control/lib/python3.12/site-packages/minirover_control/keyboard_control_node.py'...
-- Installing: /home/minirover/ros2_ws/src/minirover/minirover_control/install/minirover_control/share/ament_index/resource_index/package_run_dependencies/minirover_control
-- Installing: /home/minirover/ros2_ws/src/minirover/minirover_control/install/minirover_control/share/ament_index/resource_index/parent_prefix_path/minirover_control
-- Installing: /home/minirover/ros2_ws/src/minirover/minirover_control/install/minirover_control/share/minirover_control/environment/ament_prefix_path.sh
-- Installing: /home/minirover/ros2_ws/src/minirover/minirover_control/install/minirover_control/share/minirover_control/environment/ament_prefix_path.dsv
-- Installing: /home/minirover/ros2_ws/src/minirover/minirover_control/install/minirover_control/share/minirover_control/environment/path.sh
-- Installing: /home/minirover/ros2_ws/src/minirover/minirover_control/install/minirover_control/share/minirover_control/environment/path.dsv
-- Installing: /home/minirover/ros2_ws/src/minirover/minirover_control/install/minirover_control/share/minirover_control/local_setup.bash
-- Installing: /home/minirover/ros2_ws/src/minirover/minirover_control/install/minirover_control/share/minirover_control/local_setup.sh
-- Installing: /home/minirover/ros2_ws/src/minirover/minirover_control/install/minirover_control/share/minirover_control/local_setup.zsh
-- Installing: /home/minirover/ros2_ws/src/minirover/minirover_control/install/minirover_control/share/minirover_control/local_setup.dsv
-- Installing: /home/minirover/ros2_ws/src/minirover/minirover_control/install/minirover_control/share/minirover_control/package.dsv
-- Installing: /home/minirover/ros2_ws/src/minirover/minirover_control/install/minirover_control/share/ament_index/resource_index/packages/minirover_control
-- Installing: /home/minirover/ros2_ws/src/minirover/minirover_control/install/minirover_control/share/minirover_control/cmake/minirover_controlConfig.cmake
-- Installing: /home/minirover/ros2_ws/src/minirover/minirover_control/install/minirover_control/share/minirover_control/cmake/minirover_controlConfig-version.cmake
-- Installing: /home/minirover/ros2_ws/src/minirover/minirover_control/install/minirover_control/share/minirover_control/package.xml
